2025-01-22 12:12:59,304 - INFO - Abhi123 validation successful.
2025-01-22 12:12:59,304 - INFO - Starting Abhi123456 validation.
2025-01-22 12:12:59,311 - INFO - Abhi123456 validation successful.
2025-01-22 12:12:59,311 - INFO - Starting Abhi validation.
2025-01-22 12:12:59,311 - INFO - Abhi validation successful.
2025-01-22 12:12:59,311 - INFO - Starting 1234567890 validation.
2025-01-22 12:12:59,311 - INFO - 1234567890 validation successful.
2025-01-22 12:12:59,311 - INFO - Starting Abhi@gmail.com validation.
2025-01-22 12:12:59,311 - INFO - Abhi@gmail.com validation successful.
2025-01-22 12:12:59,311 - INFO - Starting MH1212345678900 validation.
2025-01-22 12:12:59,311 - INFO - MH1212345678900 validation successful.
2025-01-22 12:12:59,311 - INFO - Starting 123456789009 validation.
2025-01-22 12:12:59,320 - INFO - 123456789009 validation successful.
2025-01-22 12:12:59,320 - INFO - Starting Pune validation.
2025-01-22 12:12:59,320 - INFO - Pune validation successful.
2025-01-22 12:12:59,320 - INFO - Starting 123456 validation.
2025-01-22 12:12:59,320 - INFO - 123456 validation successful.
2025-01-22 12:12:59,320 - INFO - Starting Maha validation.
2025-01-22 12:12:59,320 - INFO - Maha validation successful.
2025-01-22 12:12:59,320 - INFO - Starting BMW validation.
2025-01-22 12:12:59,320 - INFO - BMW validation successful.
2025-01-22 12:12:59,320 - INFO - Starting M5 validation.
2025-01-22 12:12:59,320 - INFO - M5 validation successful.
2025-01-22 12:12:59,320 - INFO - Starting Green validation.
2025-01-22 12:12:59,320 - INFO - Green validation successful.
2025-01-22 12:12:59,320 - INFO - Starting 10cr validation.
2025-01-22 12:12:59,320 - INFO - 10cr validation successful.
2025-01-22 12:12:59,324 - INFO - Starting Diesel validation.
2025-01-22 12:12:59,324 - INFO - Diesel validation successful.
